d:\desktop\artoolkit\lib\src\ar\release\libar.pdb
d:\desktop\artoolkit\lib\src\ar\release\mfree.obj
d:\desktop\artoolkit\lib\src\ar\release\mdup.obj
d:\desktop\artoolkit\lib\src\ar\release\mdisp.obj
d:\desktop\artoolkit\lib\src\ar\release\mdet.obj
d:\desktop\artoolkit\lib\src\ar\release\mallocunit.obj
d:\desktop\artoolkit\lib\src\ar\release\malloctrans.obj
d:\desktop\artoolkit\lib\src\ar\release\mallocmul.obj
d:\desktop\artoolkit\lib\src\ar\release\mallocinv.obj
d:\desktop\artoolkit\lib\src\ar\release\mallocdup.obj
d:\desktop\artoolkit\lib\src\ar\release\malloc.obj
d:\desktop\artoolkit\lib\src\ar\release\arutil.obj
d:\desktop\artoolkit\lib\src\ar\release\arlabeling.obj
d:\desktop\artoolkit\lib\src\ar\release\argettransmatcont.obj
d:\desktop\artoolkit\lib\src\ar\release\argettransmat3.obj
d:\desktop\artoolkit\lib\src\ar\release\argettransmat2.obj
d:\desktop\artoolkit\lib\src\ar\release\argettransmat.obj
d:\desktop\artoolkit\lib\src\ar\release\argetmarkerinfo.obj
d:\desktop\artoolkit\lib\src\ar\release\argetcode.obj
d:\desktop\artoolkit\lib\src\ar\release\ardetectmarker2.obj
d:\desktop\artoolkit\lib\src\ar\release\ardetectmarker.obj
d:\desktop\artoolkit\lib\src\ar\release\vtridiag.obj
d:\desktop\artoolkit\lib\src\ar\release\vinnerp.obj
d:\desktop\artoolkit\lib\src\ar\release\vhouse.obj
d:\desktop\artoolkit\lib\src\ar\release\vfree.obj
d:\desktop\artoolkit\lib\src\ar\release\vdisp.obj
d:\desktop\artoolkit\lib\src\ar\release\valloc.obj
d:\desktop\artoolkit\lib\src\ar\release\paramget.obj
d:\desktop\artoolkit\lib\src\ar\release\paramfile.obj
d:\desktop\artoolkit\lib\src\ar\release\paramdistortion.obj
d:\desktop\artoolkit\lib\src\ar\release\paramdisp.obj
d:\desktop\artoolkit\lib\src\ar\release\paramdecomp.obj
d:\desktop\artoolkit\lib\src\ar\release\paramchangesize.obj
d:\desktop\artoolkit\lib\src\ar\release\munit.obj
d:\desktop\artoolkit\lib\src\ar\release\mtrans.obj
d:\desktop\artoolkit\lib\src\ar\release\mselfinv.obj
d:\desktop\artoolkit\lib\src\ar\release\mpca.obj
d:\desktop\artoolkit\lib\src\ar\release\mmul.obj
d:\desktop\artoolkit\lib\src\ar\release\minv.obj
d:\desktop\artoolkit\lib\libar.lib
d:\desktop\artoolkit\lib\src\ar\release\libar.tlog\cl.command.1.tlog
d:\desktop\artoolkit\lib\src\ar\release\libar.tlog\cl.read.1.tlog
d:\desktop\artoolkit\lib\src\ar\release\libar.tlog\cl.write.1.tlog
d:\desktop\artoolkit\lib\src\ar\release\libar.tlog\lib-link.read.1.tlog
d:\desktop\artoolkit\lib\src\ar\release\libar.tlog\lib-link.write.1.tlog
d:\desktop\artoolkit\lib\src\ar\release\libar.tlog\lib.command.1.tlog
